  PlaneFlying.cpp
C:\Users\ryste\OneDrive\Documents\Plane\Plane\maths.h(25,13): error C2079: 'function::val' uses undefined class 'expression'
C:\Users\ryste\OneDrive\Documents\Plane\Plane\maths.h(29,18): error C2027: use of undefined type 'expression'
C:\Users\ryste\OneDrive\Documents\Plane\Plane\maths.h(7): message : see declaration of 'expression'
C:\Users\ryste\OneDrive\Documents\Plane\Plane\maths.h(85,19): error C2027: use of undefined type 'variable'
C:\Users\ryste\OneDrive\Documents\Plane\Plane\maths.h(8): message : see declaration of 'variable'
C:\Users\ryste\OneDrive\Documents\Plane\Plane\maths.h(89,19): error C2027: use of undefined type 'variable'
C:\Users\ryste\OneDrive\Documents\Plane\Plane\maths.h(8): message : see declaration of 'variable'
C:\Users\ryste\OneDrive\Documents\Plane\Plane\maths.h(110,18): error C2027: use of undefined type 'variable'
C:\Users\ryste\OneDrive\Documents\Plane\Plane\maths.h(8): message : see declaration of 'variable'
C:\Users\ryste\OneDrive\Documents\Plane\Plane\maths.h(112,5): error C2027: use of undefined type 'variable'
C:\Users\ryste\OneDrive\Documents\Plane\Plane\maths.h(8): message : see declaration of 'variable'
C:\Users\ryste\OneDrive\Documents\Plane\Plane\maths.h(112,16): error C2039: 'getOperand': is not a member of 'std::shared_ptr<variable>'
C:\Users\ryste\OneDrive\Documents\Plane\Plane\maths.h(60): message : see declaration of 'std::shared_ptr<variable>'
C:\Users\ryste\OneDrive\Documents\Plane\Plane\maths.h(113,11): error C2027: use of undefined type 'variable'
C:\Users\ryste\OneDrive\Documents\Plane\Plane\maths.h(8): message : see declaration of 'variable'
C:\Users\ryste\OneDrive\Documents\Plane\Plane\maths.h(113,13): error C2039: 'setOperand': is not a member of 'std::shared_ptr<variable>'
C:\Users\ryste\OneDrive\Documents\Plane\Plane\maths.h(60): message : see declaration of 'std::shared_ptr<variable>'
C:\Users\ryste\OneDrive\Documents\Plane\Plane\maths.h(115,10): error C2027: use of undefined type 'variable'
C:\Users\ryste\OneDrive\Documents\Plane\Plane\maths.h(8): message : see declaration of 'variable'
C:\Users\ryste\OneDrive\Documents\Plane\Plane\maths.h(115,12): error C2039: 'setNextVar': is not a member of 'std::shared_ptr<variable>'
C:\Users\ryste\OneDrive\Documents\Plane\Plane\maths.h(60): message : see declaration of 'std::shared_ptr<variable>'
